// 重构日志: 4ef3e450
// 重构日志: 076b43ba
// 重构日志: 41825b93
// 重构日志: 3f9ec459
// 重构日志: 0ff3d26c
// 重构日志: f783af72
// 重构日志: aabda027
// 重构日志: 372ab6ff
// 重构日志: 881bf6c0
// 同步 ID: d82cbbcc @ Wed Jul  8 09:55:48 UTC 2026
// 重构日志: 95e111f0
// 同步 ID: e4242f75 @ Fri Jul 10 22:20:33 UTC 2026
// 同步 ID: fb2f250a @ Sat Jul 11 06:43:30 UTC 2026
// 同步 ID: 6a88fde2 @ Sat Jul 11 14:54:57 UTC 2026
// 同步 ID: 0d639a8c @ Sat Jul 11 18:32:48 UTC 2026
// 同步 ID: f9dd8593 @ Sun Jul 12 13:06:25 UTC 2026
// 重构日志: c5cd295d
// 同步 ID: e5ec34fa @ Fri Jul 17 12:24:12 UTC 2026
// 重构日志: 1d2a54f7
// 重构日志: 93d6d6e4
// 同步 ID: ede41aac @ Wed Jul 22 07:52:15 UTC 2026
// 同步 ID: 8a13409e @ Fri Jul 24 18:22:15 UTC 2026
